<?xml version="1.0" encoding="UTF-8"?>
<!-- Generated by org.testng.reporters.JUnitXMLReporter -->
<testsuite ignored="6" hostname="Taylors-MacBook-Pro.local" failures="1" tests="2" name="All Functionalities" time="14.067" errors="0" timestamp="2022-06-02T17:39:17 MST">
  <testcase classname="scripts._01_AppleTest" name="testAppleURL" time="0.877"/>
  <testcase classname="scripts._03_EtsyTest" name="testMainHeader" time="2.122">
    <failure type="java.lang.AssertionError" message="expected [Father&amp;apos;s Day Gifts] but found [Shop Home Sales!]">
      <![CDATA[java.lang.AssertionError: expected [Father's Day Gifts] but found [Shop Home Sales!]
at scripts._03_EtsyTest.testMainHeader(_03_EtsyTest.java:94)
at java.base/java.util.ArrayList.forEach(ArrayList.java:1511)
... Removed 33 stack frames]]>
    </failure>
  </testcase> <!-- testMainHeader -->
  <testcase classname="scripts._04_GoogleSearchTest" name="testGoogleSearch" time="0.0">
    <ignored/>
  </testcase> <!-- testGoogleSearch -->
  <testcase classname="scripts._03_EtsyTest" name="testEtsySearchResult" time="0.0">
    <ignored/>
  </testcase> <!-- testEtsySearchResult -->
  <testcase classname="scripts._01_AppleTest" name="testAppleTitle" time="0.0">
    <ignored/>
  </testcase> <!-- testAppleTitle -->
  <testcase classname="scripts._03_EtsyTest" name="testEtsySearch" time="0.0">
    <ignored/>
  </testcase> <!-- testEtsySearch -->
  <testcase classname="scripts._01_AppleTest" name="X" time="0.0">
    <ignored/>
  </testcase> <!-- X -->
  <testcase classname="scripts._03_EtsyTest" name="testEtsyLogo" time="0.0">
    <ignored/>
  </testcase> <!-- testEtsyLogo -->
</testsuite> <!-- All Functionalities -->
