<?xml version="1.0" encoding="UTF-8"?>
<!-- Generated by org.testng.reporters.JUnitXMLReporter -->
<testsuite ignored="1" hostname="Taylors-MacBook-Pro.local" failures="2" tests="9" name="Command line test" time="92.891" errors="0" timestamp="2022-06-02T17:38:15 MST">
  <testcase classname="scripts._03_EtsyTest" name="testEtsyLogo" time="2.121"/>
  <testcase classname="scripts._03_EtsyTest" name="testEtsySearch" time="31.925">
    <failure type="org.openqa.selenium.NoSuchElementException" message="no such element: Unable to locate element: {&amp;quot;method&amp;quot;:&amp;quot;css selector&amp;quot;,&amp;quot;selector&amp;quot;:&amp;quot;.wt-display-inline-flex-sm&amp;gt;span&amp;quot;}
  (Session info: chrome=102.0.5005.61)
For documentation on this error, please visit: https://www.seleniumhq.org/exceptions/no_such_element.html
Build info: version: &amp;apos;3.141.59&amp;apos;, revision: &amp;apos;e82be7d358&amp;apos;, time: &amp;apos;2018-11-14T08:17:03&amp;apos;
System info: host: &amp;apos;Taylors-MacBook-Pro.local&amp;apos;, ip: &amp;apos;2600:8800:522b:5c00:0:0:0:b0f3%en0&amp;apos;, os.name: &amp;apos;Mac OS X&amp;apos;, os.arch: &amp;apos;aarch64&amp;apos;, os.version: &amp;apos;11.5.2&amp;apos;, java.version: &amp;apos;18.0.1&amp;apos;
Driver info: org.openqa.selenium.chrome.ChromeDriver
Capabilities {acceptInsecureCerts: false, browserName: chrome, browserVersion: 102.0.5005.61, chrome: {chromedriverVersion: 102.0.5005.61 (0e59bcc00cc4..., userDataDir: /var/folders/g0/6l6hy8rx10j...}, goog:chromeOptions: {debuggerAddress: localhost:60272}, javascriptEnabled: true, networkConnectionEnabled: false, pageLoadStrategy: normal, platform: MAC, platformName: MAC, proxy: Proxy(), setWindowRect: true, strictFileInteractability: false, timeouts: {implicit: 0, pageLoad: 300000, script: 30000}, unhandledPromptBehavior: dismiss and notify, webauthn:extension:credBlob: true, webauthn:extension:largeBlob: true, webauthn:virtualAuthenticators: true}
Session ID: 060d95d07f8282e1274b830c587756b2
*** Element info: {Using=css selector, value=.wt-display-inline-flex-sm&amp;gt;span}">
      <![CDATA[org.openqa.selenium.NoSuchElementException: no such element: Unable to locate element: {"method":"css selector","selector":".wt-display-inline-flex-sm>span"}
  (Session info: chrome=102.0.5005.61)
For documentation on this error, please visit: https://www.seleniumhq.org/exceptions/no_such_element.html
Build info: version: '3.141.59', revision: 'e82be7d358', time: '2018-11-14T08:17:03'
System info: host: 'Taylors-MacBook-Pro.local', ip: '2600:8800:522b:5c00:0:0:0:b0f3%en0', os.name: 'Mac OS X', os.arch: 'aarch64', os.version: '11.5.2', java.version: '18.0.1'
Driver info: org.openqa.selenium.chrome.ChromeDriver
Capabilities {acceptInsecureCerts: false, browserName: chrome, browserVersion: 102.0.5005.61, chrome: {chromedriverVersion: 102.0.5005.61 (0e59bcc00cc4..., userDataDir: /var/folders/g0/6l6hy8rx10j...}, goog:chromeOptions: {debuggerAddress: localhost:60272}, javascriptEnabled: true, networkConnectionEnabled: false, pageLoadStrategy: normal, platform: MAC, platformName: MAC, proxy: Proxy(), setWindowRect: true, strictFileInteractability: false, timeouts: {implicit: 0, pageLoad: 300000, script: 30000}, unhandledPromptBehavior: dismiss and notify, webauthn:extension:credBlob: true, webauthn:extension:largeBlob: true, webauthn:virtualAuthenticators: true}
Session ID: 060d95d07f8282e1274b830c587756b2
*** Element info: {Using=css selector, value=.wt-display-inline-flex-sm>span}
at org.openqa.selenium.remote.http.W3CHttpResponseCodec.createException(W3CHttpResponseCodec.java:187)
at org.openqa.selenium.remote.http.W3CHttpResponseCodec.decode(W3CHttpResponseCodec.java:122)
at org.openqa.selenium.remote.http.W3CHttpResponseCodec.decode(W3CHttpResponseCodec.java:49)
at org.openqa.selenium.remote.HttpCommandExecutor.execute(HttpCommandExecutor.java:158)
at org.openqa.selenium.remote.service.DriverCommandExecutor.execute(DriverCommandExecutor.java:83)
at org.openqa.selenium.remote.RemoteWebDriver.execute(RemoteWebDriver.java:552)
at org.openqa.selenium.remote.RemoteWebDriver.findElement(RemoteWebDriver.java:323)
at org.openqa.selenium.remote.RemoteWebDriver.findElementByCssSelector(RemoteWebDriver.java:420)
at org.openqa.selenium.By$ByCssSelector.findElement(By.java:431)
at org.openqa.selenium.remote.RemoteWebDriver.findElement(RemoteWebDriver.java:315)
at org.openqa.selenium.support.pagefactory.DefaultElementLocator.findElement(DefaultElementLocator.java:69)
at org.openqa.selenium.support.pagefactory.internal.LocatingElementHandler.invoke(LocatingElementHandler.java:38)
at jdk.proxy2/jdk.proxy2.$Proxy10.isDisplayed(Unknown Source)
at scripts._03_EtsyTest.testEtsySearch(_03_EtsyTest.java:42)
at java.base/java.util.ArrayList.forEach(ArrayList.java:1511)
... Removed 36 stack frames]]>
    </failure>
  </testcase> <!-- testEtsySearch -->
  <testcase classname="scripts._03_EtsyTest" name="testEtsySearchResult" time="0.0">
    <skipped/>
  </testcase> <!-- testEtsySearchResult -->
  <testcase classname="scripts._03_EtsyTest" name="testMainHeader" time="1.977">
    <failure type="java.lang.AssertionError" message="expected [Father&amp;apos;s Day Gifts] but found [Shop Home Sales!]">
      <![CDATA[java.lang.AssertionError: expected [Father's Day Gifts] but found [Shop Home Sales!]
at scripts._03_EtsyTest.testMainHeader(_03_EtsyTest.java:94)
at java.base/java.util.ArrayList.forEach(ArrayList.java:1511)
... Removed 38 stack frames]]>
    </failure>
  </testcase> <!-- testMainHeader -->
  <testcase classname="scripts._07_DropdownTest" name="testUnsecurePasswordErrorMessage" time="5.344"/>
  <testcase classname="scripts._04_GoogleSearchTest" name="testGoogleSearch" time="3.038"/>
  <testcase classname="scripts._02_TechGlobalTest" name="testApplicationFormHeading" time="1.627"/>
  <testcase classname="scripts._01_AppleTest" name="testAppleTitle" time="0.791"/>
  <testcase classname="scripts._01_AppleTest" name="testAppleURL" time="0.744"/>
  <testcase classname="scripts._01_AppleTest" name="X" time="0.0">
    <ignored/>
  </testcase> <!-- X -->
</testsuite> <!-- Command line test -->
