<?xml version="1.0" encoding="UTF-8"?>
<testng-results ignored="6" total="8" passed="1" failed="1" skipped="0">
  <reporter-output>
  </reporter-output>
  <suite started-at="2022-06-02T17:39:03 MST" name="Regression" finished-at="2022-06-02T17:39:17 MST" duration-ms="14067">
    <groups>
    </groups>
    <test started-at="2022-06-02T17:39:03 MST" name="All Functionalities" finished-at="2022-06-02T17:39:17 MST" duration-ms="14067">
      <class name="scripts._03_EtsyTest">
        <test-method is-config="true" signature="setup()[pri:0, instance:scripts._03_EtsyTest@6dde5c8c]" started-at="2022-06-02T17:39:09 MST" name="setup" finished-at="2022-06-02T17:39:11 MST" duration-ms="2228" status="PASS">
          <reporter-output>
          </reporter-output>
        </test-method> <!-- setup -->
        <test-method signature="testMainHeader()[pri:4, instance:scripts._03_EtsyTest@6dde5c8c]" started-at="2022-06-02T17:39:11 MST" name="testMainHeader" description="Validate Etsy main header" finished-at="2022-06-02T17:39:13 MST" duration-ms="2122" status="FAIL">
          <exception class="java.lang.AssertionError">
            <message>
              <![CDATA[expected [Father's Day Gifts] but found [Shop Home Sales!]]]>
            </message>
            <full-stacktrace>
              <![CDATA[java.lang.AssertionError: expected [Father's Day Gifts] but found [Shop Home Sales!]
at org.testng.Assert.fail(Assert.java:97)
at org.testng.Assert.assertEqualsImpl(Assert.java:136)
at org.testng.Assert.assertEquals(Assert.java:118)
at org.testng.Assert.assertEquals(Assert.java:575)
at org.testng.Assert.assertEquals(Assert.java:585)
at scripts._03_EtsyTest.testMainHeader(_03_EtsyTest.java:94)
at java.base/jdk.internal.reflect.DirectMethodHandleAccessor.invoke(DirectMethodHandleAccessor.java:104)
at java.base/java.lang.reflect.Method.invoke(Method.java:577)
at org.testng.internal.MethodInvocationHelper.invokeMethod(MethodInvocationHelper.java:134)
at org.testng.internal.TestInvoker.invokeMethod(TestInvoker.java:597)
at org.testng.internal.TestInvoker.invokeTestMethod(TestInvoker.java:173)
at org.testng.internal.MethodRunner.runInSequence(MethodRunner.java:46)
at org.testng.internal.TestInvoker$MethodInvocationAgent.invoke(TestInvoker.java:816)
at org.testng.internal.TestInvoker.invokeTestMethods(TestInvoker.java:146)
at org.testng.internal.TestMethodWorker.invokeTestMethods(TestMethodWorker.java:146)
at org.testng.internal.TestMethodWorker.run(TestMethodWorker.java:128)
at java.base/java.util.ArrayList.forEach(ArrayList.java:1511)
at org.testng.TestRunner.privateRun(TestRunner.java:766)
at org.testng.TestRunner.run(TestRunner.java:587)
at org.testng.SuiteRunner.runTest(SuiteRunner.java:384)
at org.testng.SuiteRunner.runSequentially(SuiteRunner.java:378)
at org.testng.SuiteRunner.privateRun(SuiteRunner.java:337)
at org.testng.SuiteRunner.run(SuiteRunner.java:286)
at org.testng.SuiteRunnerWorker.runSuite(SuiteRunnerWorker.java:53)
at org.testng.SuiteRunnerWorker.run(SuiteRunnerWorker.java:96)
at org.testng.TestNG.runSuitesSequentially(TestNG.java:1187)
at org.testng.TestNG.runSuitesLocally(TestNG.java:1109)
at org.testng.TestNG.runSuites(TestNG.java:1039)
at org.testng.TestNG.run(TestNG.java:1007)
at org.apache.maven.surefire.testng.TestNGExecutor.run(TestNGExecutor.java:281)
at org.apache.maven.surefire.testng.TestNGXmlTestSuite.execute(TestNGXmlTestSuite.java:75)
at org.apache.maven.surefire.testng.TestNGProvider.invoke(TestNGProvider.java:121)
at org.apache.maven.surefire.booter.ForkedBooter.invokeProviderInSameClassLoader(ForkedBooter.java:290)
at org.apache.maven.surefire.booter.ForkedBooter.runSuitesInProcess(ForkedBooter.java:242)
at org.apache.maven.surefire.booter.ForkedBooter.main(ForkedBooter.java:121)
]]>
            </full-stacktrace>
          </exception> <!-- java.lang.AssertionError -->
          <reporter-output>
          </reporter-output>
        </test-method> <!-- testMainHeader -->
        <test-method is-config="true" signature="teardown()[pri:0, instance:scripts._03_EtsyTest@6dde5c8c]" started-at="2022-06-02T17:39:13 MST" name="teardown" finished-at="2022-06-02T17:39:17 MST" duration-ms="3129" status="PASS">
          <reporter-output>
          </reporter-output>
        </test-method> <!-- teardown -->
      </class> <!-- scripts._03_EtsyTest -->
      <class name="scripts._01_AppleTest">
        <test-method is-config="true" signature="setup()[pri:0, instance:scripts._01_AppleTest@6fb0d3ed]" started-at="2022-06-02T17:39:03 MST" name="setup" finished-at="2022-06-02T17:39:05 MST" duration-ms="2579" status="PASS">
          <reporter-output>
          </reporter-output>
        </test-method> <!-- setup -->
        <test-method signature="testAppleURL()[pri:2, instance:scripts._01_AppleTest@6fb0d3ed]" started-at="2022-06-02T17:39:05 MST" name="testAppleURL" description="TC873" finished-at="2022-06-02T17:39:06 MST" duration-ms="877" status="PASS">
          <reporter-output>
          </reporter-output>
        </test-method> <!-- testAppleURL -->
        <test-method is-config="true" signature="teardown()[pri:0, instance:scripts._01_AppleTest@6fb0d3ed]" started-at="2022-06-02T17:39:06 MST" name="teardown" finished-at="2022-06-02T17:39:09 MST" duration-ms="3115" status="PASS">
          <reporter-output>
          </reporter-output>
        </test-method> <!-- teardown -->
      </class> <!-- scripts._01_AppleTest -->
    </test> <!-- All Functionalities -->
  </suite> <!-- Regression -->
</testng-results>
