-------------------------------------------------------------------------------
Test set: TestSuite
-------------------------------------------------------------------------------
Tests run: 2, Failures: 1, Errors: 0, Skipped: 0, Time elapsed: 14.552 sec <<< FAILURE! - in TestSuite
testMainHeader(scripts._03_EtsyTest)  Time elapsed: 2.126 sec  <<< FAILURE!
java.lang.AssertionError: expected [Father's Day Gifts] but found [Shop Home Sales!]
	at scripts._03_EtsyTest.testMainHeader(_03_EtsyTest.java:94)

