<?xml version="1.0" encoding="UTF-8"?>
<!-- Generated by org.testng.reporters.JUnitReportReporter -->
<testsuite hostname="Taylors-MacBook-Pro.local" failures="0" tests="2" name="scripts._01_AppleTest" time="8.571" errors="0" timestamp="2022-06-11T16:16:12 MST" skipped="1">
  <testcase classname="scripts._01_AppleTest" name="testAppleURL" time="8.571"/>
  <system-out/>
  <testcase classname="scripts._01_AppleTest" name="X">
    <skipped/>
  </testcase> <!-- X -->
  <system-out/>
</testsuite> <!-- scripts._01_AppleTest -->
