<?xml version="1.0" encoding="UTF-8"?>
<!-- Generated by org.testng.reporters.JUnitReportReporter -->
<testsuite hostname="Taylors-MacBook-Pro.local" failures="0" tests="2" name="scripts._01_AppleTest" time="6.631" errors="0" timestamp="2022-05-29T12:49:53 MST" skipped="1">
  <testcase classname="scripts._01_AppleTest" name="testAppleTitle" time="6.631"/>
  <system-out/>
  <testcase classname="scripts._01_AppleTest" name="X">
    <skipped/>
  </testcase> <!-- X -->
  <system-out/>
</testsuite> <!-- scripts._01_AppleTest -->
