<?xml version="1.0" encoding="UTF-8"?>
<!-- Generated by org.testng.reporters.JUnitReportReporter -->
<testsuite hostname="Taylors-MacBook-Pro.local" failures="0" tests="2" name="scripts._09_IFrames" time="51.679" errors="0" timestamp="2022-06-11T16:16:12 MST" skipped="0">
  <testcase classname="scripts._09_IFrames" name="testIFrame1" time="42.664"/>
  <system-out/>
  <testcase classname="scripts._09_IFrames" name="testIFrame2" time="9.015"/>
  <system-out/>
</testsuite> <!-- scripts._09_IFrames -->
