<?xml version="1.0" encoding="UTF-8"?>
<!-- Generated by org.testng.reporters.JUnitReportReporter -->
<testsuite hostname="Taylors-MacBook-Pro.local" failures="0" tests="2" name="scripts._10_WindowHandles" time="22.888" errors="0" timestamp="2022-06-11T16:16:12 MST" skipped="0">
  <testcase classname="scripts._10_WindowHandles" name="testTechGlobalSchoolFaceBookIcon" time="14.315"/>
  <system-out/>
  <testcase classname="scripts._10_WindowHandles" name="testWindowHandle2" time="8.573"/>
  <system-out/>
</testsuite> <!-- scripts._10_WindowHandles -->
